mode: set
github.com/heavensfavorite/bookings/internal/forms/errors.go:7.44,9.2 1 1
github.com/heavensfavorite/bookings/internal/forms/errors.go:13.42,15.18 2 1
github.com/heavensfavorite/bookings/internal/forms/errors.go:15.18,17.3 1 1
github.com/heavensfavorite/bookings/internal/forms/errors.go:19.2,19.14 1 1
github.com/heavensfavorite/bookings/internal/forms/forms.go:18.29,20.2 1 1
github.com/heavensfavorite/bookings/internal/forms/forms.go:23.33,28.2 1 1
github.com/heavensfavorite/bookings/internal/forms/forms.go:31.43,32.31 1 1
github.com/heavensfavorite/bookings/internal/forms/forms.go:32.31,34.37 2 1
github.com/heavensfavorite/bookings/internal/forms/forms.go:34.37,36.4 1 1
github.com/heavensfavorite/bookings/internal/forms/forms.go:41.39,43.13 2 1
github.com/heavensfavorite/bookings/internal/forms/forms.go:43.13,45.3 1 1
github.com/heavensfavorite/bookings/internal/forms/forms.go:46.2,46.13 1 1
github.com/heavensfavorite/bookings/internal/forms/forms.go:50.57,52.21 2 1
github.com/heavensfavorite/bookings/internal/forms/forms.go:52.21,55.3 2 1
github.com/heavensfavorite/bookings/internal/forms/forms.go:56.2,56.13 1 1
github.com/heavensfavorite/bookings/internal/forms/forms.go:60.38,61.40 1 1
github.com/heavensfavorite/bookings/internal/forms/forms.go:61.40,63.3 1 1
