mode: set
github.com/heavensfavorite/bookings/internal/handlers/handlers.go:24.47,28.2 1 1
github.com/heavensfavorite/bookings/internal/handlers/handlers.go:31.33,33.2 1 1
github.com/heavensfavorite/bookings/internal/handlers/handlers.go:36.67,41.2 3 1
github.com/heavensfavorite/bookings/internal/handlers/handlers.go:44.68,56.2 5 1
github.com/heavensfavorite/bookings/internal/handlers/handlers.go:59.74,68.2 4 1
github.com/heavensfavorite/bookings/internal/handlers/handlers.go:71.78,73.16 2 1
github.com/heavensfavorite/bookings/internal/handlers/handlers.go:73.16,76.3 2 0
github.com/heavensfavorite/bookings/internal/handlers/handlers.go:78.2,91.19 6 1
github.com/heavensfavorite/bookings/internal/handlers/handlers.go:91.19,100.3 4 0
github.com/heavensfavorite/bookings/internal/handlers/handlers.go:102.2,104.66 2 1
github.com/heavensfavorite/bookings/internal/handlers/handlers.go:109.71,111.2 1 1
github.com/heavensfavorite/bookings/internal/handlers/handlers.go:114.69,116.2 1 1
github.com/heavensfavorite/bookings/internal/handlers/handlers.go:119.74,121.2 1 1
github.com/heavensfavorite/bookings/internal/handlers/handlers.go:124.78,128.2 3 1
github.com/heavensfavorite/bookings/internal/handlers/handlers.go:136.78,143.16 3 1
github.com/heavensfavorite/bookings/internal/handlers/handlers.go:143.17,144.3 0 0
github.com/heavensfavorite/bookings/internal/handlers/handlers.go:145.2,150.14 4 1
github.com/heavensfavorite/bookings/internal/handlers/handlers.go:154.70,156.2 1 1
github.com/heavensfavorite/bookings/internal/handlers/handlers.go:158.81,160.9 2 1
github.com/heavensfavorite/bookings/internal/handlers/handlers.go:160.9,165.3 4 1
github.com/heavensfavorite/bookings/internal/handlers/handlers.go:167.2,171.96 4 0
